# JRE version: OpenJDK Runtime Environment (17.0.14+7) (build 17.0.14+7-Ubuntu-122.04.1)
# Java VM: OpenJDK 64-Bit Server VM (17.0.14+7-Ubuntu-122.04.1, mixed mode, sharing, tiered, compressed oops, compressed class ptrs, g1 gc, linux-amd64)
GC Precious Log:
 CPUs: 208 total, 208 available
 Memory: 376G
 Large Page Support: Disabled
 NUMA Support: Disabled
 Compressed Oops: Enabled (Zero based)
 Heap Region Size: 16M
 Heap Min Capacity: 16M
 Heap Initial Capacity: 2G
 Heap Max Capacity: 30688M
 Pre-touch: Disabled
 Parallel Workers: 133
 Concurrent Workers: 33
 Concurrent Refinement Workers: 133
 Periodic GC: Disabled
Heap:
 garbage-first heap   total 3260416K, used 244942K [0x0000000082000000, 0x0000000800000000)
  region size 16384K, 4 young (65536K), 4 survivors (65536K)
 Metaspace       used 10829K, committed 11136K, reserved 1114112K
  class space    used 991K, committed 1152K, reserved 1048576K
GC Heap History (19 events):
Event: 1.445 GC heap before
{Heap before GC invocations=0 (full 0):
 garbage-first heap   total 2129920K, used 278448K [0x0000000082000000, 0x0000000800000000)
  region size 16384K, 6 young (98304K), 0 survivors (0K)
 Metaspace       used 10659K, committed 10816K, reserved 1114112K
  class space    used 985K, committed 1024K, reserved 1048576K
}
Event: 1.451 GC heap after
{Heap after GC invocations=1 (full 0):
 garbage-first heap   total 2129920K, used 196549K [0x0000000082000000, 0x0000000800000000)
  region size 16384K, 1 young (16384K), 1 survivors (16384K)
 Metaspace       used 10659K, committed 10816K, reserved 1114112K
  class space    used 985K, committed 1024K, reserved 1048576K
}
Event: 2.070 GC heap before
{Heap before GC invocations=1 (full 0):
 garbage-first heap   total 2129920K, used 278469K [0x0000000082000000, 0x0000000800000000)
  region size 16384K, 6 young (98304K), 1 survivors (16384K)
 Metaspace       used 10686K, committed 10816K, reserved 1114112K
  class space    used 985K, committed 1024K, reserved 1048576K
}
Event: 2.077 GC heap after
{Heap after GC invocations=2 (full 0):
 garbage-first heap   total 2129920K, used 198553K [0x0000000082000000, 0x0000000800000000)
  region size 16384K, 1 young (16384K), 1 survivors (16384K)
 Metaspace       used 10686K, committed 10816K, reserved 1114112K
  class space    used 985K, committed 1024K, reserved 1048576K
}
Event: 2.158 GC heap before
{Heap before GC invocations=2 (full 0):
 garbage-first heap   total 2129920K, used 280473K [0x0000000082000000, 0x0000000800000000)
  region size 16384K, 6 young (98304K), 1 survivors (16384K)
 Metaspace       used 10704K, committed 10816K, reserved 1114112K
  class space    used 985K, committed 1024K, reserved 1048576K
}
Event: 2.165 GC heap after
{Heap after GC invocations=3 (full 0):
 garbage-first heap   total 2129920K, used 200170K [0x0000000082000000, 0x0000000800000000)
  region size 16384K, 1 young (16384K), 1 survivors (16384K)
 Metaspace       used 10704K, committed 10816K, reserved 1114112K
  class space    used 985K, committed 1024K, reserved 1048576K
}
Event: 2.396 GC heap before
{Heap before GC invocations=3 (full 0):
 garbage-first heap   total 2129920K, used 429546K [0x0000000082000000, 0x0000000800000000)
  region size 16384K, 15 young (245760K), 1 survivors (16384K)
 Metaspace       used 10779K, committed 10944K, reserved 1114112K
  class space    used 989K, committed 1088K, reserved 1048576K
}
Event: 2.407 GC heap after
{Heap after GC invocations=4 (full 0):
 garbage-first heap   total 2129920K, used 210376K [0x0000000082000000, 0x0000000800000000)
  region size 16384K, 1 young (16384K), 1 survivors (16384K)
 Metaspace       used 10779K, committed 10944K, reserved 1114112K
  class space    used 989K, committed 1088K, reserved 1048576K
}
Event: 2.576 GC heap before
{Heap before GC invocations=4 (full 0):
 garbage-first heap   total 2129920K, used 505288K [0x0000000082000000, 0x0000000800000000)
  region size 16384K, 19 young (311296K), 1 survivors (16384K)
 Metaspace       used 10780K, committed 10944K, reserved 1114112K
  class space    used 989K, committed 1088K, reserved 1048576K
}
Event: 2.587 GC heap after
{Heap after GC invocations=5 (full 0):
 garbage-first heap   total 2129920K, used 215623K [0x0000000082000000, 0x0000000800000000)
  region size 16384K, 2 young (32768K), 2 survivors (32768K)
 Metaspace       used 10780K, committed 10944K, reserved 1114112K
  class space    used 989K, committed 1088K, reserved 1048576K
}
Event: 2.890 GC heap before
{Heap before GC invocations=5 (full 0):
 garbage-first heap   total 2129920K, used 674375K [0x0000000082000000, 0x0000000800000000)
  region size 16384K, 31 young (507904K), 2 survivors (32768K)
 Metaspace       used 10781K, committed 10944K, reserved 1114112K
  class space    used 989K, committed 1088K, reserved 1048576K
}
Event: 2.904 GC heap after
{Heap after GC invocations=6 (full 0):
 garbage-first heap   total 3260416K, used 219188K [0x0000000082000000, 0x0000000800000000)
  region size 16384K, 2 young (32768K), 2 survivors (32768K)
 Metaspace       used 10781K, committed 10944K, reserved 1114112K
  class space    used 989K, committed 1088K, reserved 1048576K
}
Event: 3.210 GC heap before
{Heap before GC invocations=6 (full 0):
 garbage-first heap   total 3260416K, used 727092K [0x0000000082000000, 0x0000000800000000)
  region size 16384K, 33 young (540672K), 2 survivors (32768K)
 Metaspace       used 10790K, committed 10944K, reserved 1114112K
  class space    used 989K, committed 1088K, reserved 1048576K
}
Event: 3.225 GC heap after
{Heap after GC invocations=7 (full 0):
 garbage-first heap   total 3260416K, used 222892K [0x0000000082000000, 0x0000000800000000)
  region size 16384K, 2 young (32768K), 2 survivors (32768K)
 Metaspace       used 10790K, committed 10944K, reserved 1114112K
  class space    used 989K, committed 1088K, reserved 1048576K
}
Event: 3.828 GC heap before
{Heap before GC invocations=7 (full 0):
 garbage-first heap   total 3260416K, used 1156780K [0x0000000082000000, 0x0000000800000000)
  region size 16384K, 60 young (983040K), 2 survivors (32768K)
 Metaspace       used 10790K, committed 10944K, reserved 1114112K
  class space    used 989K, committed 1088K, reserved 1048576K
}
Event: 3.853 GC heap after
{Heap after GC invocations=8 (full 0):
 garbage-first heap   total 3260416K, used 229866K [0x0000000082000000, 0x0000000800000000)
  region size 16384K, 3 young (49152K), 3 survivors (49152K)
 Metaspace       used 10790K, committed 10944K, reserved 1114112K
  class space    used 989K, committed 1088K, reserved 1048576K
}
Event: 4.457 GC heap before
{Heap before GC invocations=8 (full 0):
 garbage-first heap   total 3260416K, used 1163754K [0x0000000082000000, 0x0000000800000000)
  region size 16384K, 61 young (999424K), 3 survivors (49152K)
 Metaspace       used 10819K, committed 11136K, reserved 1114112K
  class space    used 991K, committed 1152K, reserved 1048576K
}
Event: 4.478 GC heap after
{Heap after GC invocations=9 (full 0):
 garbage-first heap   total 3260416K, used 237852K [0x0000000082000000, 0x0000000800000000)
  region size 16384K, 3 young (49152K), 3 survivors (49152K)
 Metaspace       used 10819K, committed 11136K, reserved 1114112K
  class space    used 991K, committed 1152K, reserved 1048576K
}
Event: 5.088 GC heap before
{Heap before GC invocations=9 (full 0):
 garbage-first heap   total 3260416K, used 1351964K [0x0000000082000000, 0x0000000800000000)
  region size 16384K, 71 young (1163264K), 3 survivors (49152K)
 Metaspace       used 10829K, committed 11136K, reserved 1114112K
  class space    used 991K, committed 1152K, reserved 1048576K
}

