# JRE version: OpenJDK Runtime Environment (17.0.14+7) (build 17.0.14+7-Ubuntu-122.04.1)
# Java VM: OpenJDK 64-Bit Server VM (17.0.14+7-Ubuntu-122.04.1, mixed mode, sharing, tiered, compressed oops, compressed class ptrs, g1 gc, linux-amd64)
GC Precious Log:
 CPUs: 208 total, 208 available
 Memory: 376G
 Large Page Support: Disabled
 NUMA Support: Disabled
 Compressed Oops: Enabled (Zero based)
 Heap Region Size: 16M
 Heap Min Capacity: 16M
 Heap Initial Capacity: 2G
 Heap Max Capacity: 30688M
 Pre-touch: Disabled
 Parallel Workers: 133
 Concurrent Workers: 33
 Concurrent Refinement Workers: 133
 Periodic GC: Disabled
Heap:
 garbage-first heap   total 2949120K, used 247856K [0x0000000082000000, 0x0000000800000000)
  region size 16384K, 4 young (65536K), 4 survivors (65536K)
 Metaspace       used 10836K, committed 11136K, reserved 1114112K
  class space    used 991K, committed 1152K, reserved 1048576K
GC Heap History (19 events):
Event: 1.567 GC heap before
{Heap before GC invocations=0 (full 0):
 garbage-first heap   total 2129920K, used 278448K [0x0000000082000000, 0x0000000800000000)
  region size 16384K, 6 young (98304K), 0 survivors (0K)
 Metaspace       used 10683K, committed 10816K, reserved 1114112K
  class space    used 985K, committed 1024K, reserved 1048576K
}
Event: 1.575 GC heap after
{Heap after GC invocations=1 (full 0):
 garbage-first heap   total 2129920K, used 196493K [0x0000000082000000, 0x0000000800000000)
  region size 16384K, 1 young (16384K), 1 survivors (16384K)
 Metaspace       used 10683K, committed 10816K, reserved 1114112K
  class space    used 985K, committed 1024K, reserved 1048576K
}
Event: 1.921 GC heap before
{Heap before GC invocations=1 (full 0):
 garbage-first heap   total 2129920K, used 278413K [0x0000000082000000, 0x0000000800000000)
  region size 16384K, 6 young (98304K), 1 survivors (16384K)
 Metaspace       used 10712K, committed 10816K, reserved 1114112K
  class space    used 985K, committed 1024K, reserved 1048576K
}
Event: 1.929 GC heap after
{Heap after GC invocations=2 (full 0):
 garbage-first heap   total 2129920K, used 199945K [0x0000000082000000, 0x0000000800000000)
  region size 16384K, 1 young (16384K), 1 survivors (16384K)
 Metaspace       used 10712K, committed 10816K, reserved 1114112K
  class space    used 985K, committed 1024K, reserved 1048576K
}
Event: 2.092 GC heap before
{Heap before GC invocations=2 (full 0):
 garbage-first heap   total 2129920K, used 281865K [0x0000000082000000, 0x0000000800000000)
  region size 16384K, 6 young (98304K), 1 survivors (16384K)
 Metaspace       used 10785K, committed 11008K, reserved 1114112K
  class space    used 989K, committed 1088K, reserved 1048576K
}
Event: 2.100 GC heap after
{Heap after GC invocations=3 (full 0):
 garbage-first heap   total 2129920K, used 205608K [0x0000000082000000, 0x0000000800000000)
  region size 16384K, 1 young (16384K), 1 survivors (16384K)
 Metaspace       used 10785K, committed 11008K, reserved 1114112K
  class space    used 989K, committed 1088K, reserved 1048576K
}
Event: 2.279 GC heap before
{Heap before GC invocations=3 (full 0):
 garbage-first heap   total 2129920K, used 369448K [0x0000000082000000, 0x0000000800000000)
  region size 16384K, 11 young (180224K), 1 survivors (16384K)
 Metaspace       used 10786K, committed 11008K, reserved 1114112K
  class space    used 989K, committed 1088K, reserved 1048576K
}
Event: 2.290 GC heap after
{Heap after GC invocations=4 (full 0):
 garbage-first heap   total 2129920K, used 213546K [0x0000000082000000, 0x0000000800000000)
  region size 16384K, 2 young (32768K), 2 survivors (32768K)
 Metaspace       used 10786K, committed 11008K, reserved 1114112K
  class space    used 989K, committed 1088K, reserved 1048576K
}
Event: 2.554 GC heap before
{Heap before GC invocations=4 (full 0):
 garbage-first heap   total 2129920K, used 573994K [0x0000000082000000, 0x0000000800000000)
  region size 16384K, 24 young (393216K), 2 survivors (32768K)
 Metaspace       used 10787K, committed 11008K, reserved 1114112K
  class space    used 989K, committed 1088K, reserved 1048576K
}
Event: 2.564 GC heap after
{Heap after GC invocations=5 (full 0):
 garbage-first heap   total 2129920K, used 218102K [0x0000000082000000, 0x0000000800000000)
  region size 16384K, 2 young (32768K), 2 survivors (32768K)
 Metaspace       used 10787K, committed 11008K, reserved 1114112K
  class space    used 989K, committed 1088K, reserved 1048576K
}
Event: 2.811 GC heap before
{Heap before GC invocations=5 (full 0):
 garbage-first heap   total 2129920K, used 594934K [0x0000000082000000, 0x0000000800000000)
  region size 16384K, 25 young (409600K), 2 survivors (32768K)
 Metaspace       used 10796K, committed 11008K, reserved 1114112K
  class space    used 989K, committed 1088K, reserved 1048576K
}
Event: 2.826 GC heap after
{Heap after GC invocations=6 (full 0):
 garbage-first heap   total 2949120K, used 221982K [0x0000000082000000, 0x0000000800000000)
  region size 16384K, 2 young (32768K), 2 survivors (32768K)
 Metaspace       used 10796K, committed 11008K, reserved 1114112K
  class space    used 989K, committed 1088K, reserved 1048576K
}
Event: 3.143 GC heap before
{Heap before GC invocations=6 (full 0):
 garbage-first heap   total 2949120K, used 680734K [0x0000000082000000, 0x0000000800000000)
  region size 16384K, 30 young (491520K), 2 survivors (32768K)
 Metaspace       used 10796K, committed 11008K, reserved 1114112K
  class space    used 989K, committed 1088K, reserved 1048576K
}
Event: 3.152 GC heap after
{Heap after GC invocations=7 (full 0):
 garbage-first heap   total 2949120K, used 226599K [0x0000000082000000, 0x0000000800000000)
  region size 16384K, 2 young (32768K), 2 survivors (32768K)
 Metaspace       used 10796K, committed 11008K, reserved 1114112K
  class space    used 989K, committed 1088K, reserved 1048576K
}
Event: 3.501 GC heap before
{Heap before GC invocations=7 (full 0):
 garbage-first heap   total 2949120K, used 816423K [0x0000000082000000, 0x0000000800000000)
  region size 16384K, 39 young (638976K), 2 survivors (32768K)
 Metaspace       used 10797K, committed 11008K, reserved 1114112K
  class space    used 989K, committed 1088K, reserved 1048576K
}
Event: 3.516 GC heap after
{Heap after GC invocations=8 (full 0):
 garbage-first heap   total 2949120K, used 231725K [0x0000000082000000, 0x0000000800000000)
  region size 16384K, 3 young (49152K), 3 survivors (49152K)
 Metaspace       used 10797K, committed 11008K, reserved 1114112K
  class space    used 989K, committed 1088K, reserved 1048576K
}
Event: 4.122 GC heap before
{Heap before GC invocations=8 (full 0):
 garbage-first heap   total 2949120K, used 1132845K [0x0000000082000000, 0x0000000800000000)
  region size 16384K, 59 young (966656K), 3 survivors (49152K)
 Metaspace       used 10813K, committed 11072K, reserved 1114112K
  class space    used 989K, committed 1088K, reserved 1048576K
}
Event: 4.141 GC heap after
{Heap after GC invocations=9 (full 0):
 garbage-first heap   total 2949120K, used 241492K [0x0000000082000000, 0x0000000800000000)
  region size 16384K, 3 young (49152K), 3 survivors (49152K)
 Metaspace       used 10813K, committed 11072K, reserved 1114112K
  class space    used 989K, committed 1088K, reserved 1048576K
}
Event: 4.633 GC heap before
{Heap before GC invocations=9 (full 0):
 garbage-first heap   total 2949120K, used 962388K [0x0000000082000000, 0x0000000800000000)
  region size 16384K, 48 young (786432K), 3 survivors (49152K)
 Metaspace       used 10836K, committed 11136K, reserved 1114112K
  class space    used 991K, committed 1152K, reserved 1048576K
}

